<?xml version="1.0" encoding="UTF-8"?>
<coverage generated="1540820081226" clover="3.2.0">
  <project timestamp="1540820081226" name="All files">
    <metrics statements="15" coveredstatements="14" conditionals="0" coveredconditionals="0" methods="7" coveredmethods="6" elements="22" coveredelements="20" complexity="0" loc="15" ncloc="15" packages="1" files="2" classes="2">
      <file name="demofile.js" path="C:\Users\imranrafiq_r\Documents\From_12_09_2018\UnitTestingJest\demofile.js">
        <metrics statements="2" coveredstatements="1" conditionals="0" coveredconditionals="0" methods="1" coveredmethods="0"/>
        <line num="1" count="1" type="stmt"/>
        <line num="2" count="0" type="stmt"/>
      </file>
      <file name="util.js" path="C:\Users\imranrafiq_r\Documents\From_12_09_2018\UnitTestingJest\util.js">
        <metrics statements="13" coveredstatements="13" conditionals="0" coveredconditionals="0" methods="6" coveredmethods="6"/>
        <line num="2" count="1" type="stmt"/>
        <line num="3" count="1" type="stmt"/>
        <line num="7" count="1" type="stmt"/>
        <line num="8" count="1" type="stmt"/>
        <line num="12" count="1" type="stmt"/>
        <line num="13" count="1" type="stmt"/>
        <line num="14" count="2" type="stmt"/>
        <line num="19" count="1" type="stmt"/>
        <line num="26" count="1" type="stmt"/>
        <line num="28" count="1" type="stmt"/>
        <line num="30" count="1" type="stmt"/>
        <line num="35" count="1" type="stmt"/>
        <line num="49" count="1" type="stmt"/>
      </file>
    </metrics>
  </project>
</coverage>
