TN:
SF:C:\Users\imranrafiq_r\Documents\From_12_09_2018\UnitTestingJest\demofile.js
FN:1,(anonymous_0)
FNF:1
FNH:0
FNDA:0,(anonymous_0)
DA:1,1
DA:2,0
LF:2
LH:1
BRF:0
BRH:0
end_of_record
TN:
SF:C:\Users\imranrafiq_r\Documents\From_12_09_2018\UnitTestingJest\util.js
FN:2,(anonymous_0)
FN:7,(anonymous_1)
FN:12,(anonymous_2)
FN:13,(anonymous_3)
FN:19,(anonymous_4)
FN:35,(anonymous_5)
FNF:6
FNH:6
FNDA:1,(anonymous_0)
FNDA:1,(anonymous_1)
FNDA:1,(anonymous_2)
FNDA:2,(anonymous_3)
FNDA:1,(anonymous_4)
FNDA:1,(anonymous_5)
DA:2,1
DA:3,1
DA:7,1
DA:8,1
DA:12,1
DA:13,1
DA:14,2
DA:19,1
DA:26,1
DA:28,1
DA:30,1
DA:35,1
DA:49,1
LF:13
LH:13
BRF:0
BRH:0
end_of_record
